<?xml version="1.0" encoding="UTF-8"?>
<!-- Generated by org.testng.reporters.JUnitReportReporter -->
<testsuite skipped="0" hostname="DESKTOP-F12HUTH" name="runner.testRunner" tests="3" failures="0" timestamp="2020-07-03T21:41:12 IST" time="35.695" errors="0">
  <testcase name="runScenario" time="12.176" classname="runner.testRunner"/>
  <system-out/>
  <testcase name="runScenario" time="9.288" classname="runner.testRunner"/>
  <system-out/>
  <testcase name="runScenario" time="14.231" classname="runner.testRunner"/>
  <system-out/>
</testsuite> <!-- runner.testRunner -->
